TN:
SF:D:\Workarea\iota.eco\tangle-frost\iota-qr-core\src\index.ts
FNF:0
FNH:0
LF:0
LH:0
BRF:0
BRH:0
end_of_record
TN:
SF:D:\Workarea\iota.eco\tangle-frost\iota-qr-core\src\qr.ts
FN:44,(anonymous_0)
FN:61,(anonymous_1)
FN:69,(anonymous_2)
FN:77,(anonymous_3)
FN:87,(anonymous_4)
FN:103,(anonymous_5)
FN:112,(anonymous_6)
FN:132,(anonymous_7)
FN:161,(anonymous_8)
FN:215,(anonymous_9)
FN:246,(anonymous_10)
FN:266,(anonymous_11)
FN:282,(anonymous_12)
FN:297,(anonymous_13)
FN:334,(anonymous_14)
FN:440,(anonymous_15)
FN:491,(anonymous_16)
FN:505,createNumArray
FN:569,(anonymous_18)
FNF:19
FNH:16
FNDA:2,(anonymous_0)
FNDA:1,(anonymous_1)
FNDA:0,(anonymous_2)
FNDA:0,(anonymous_3)
FNDA:1,(anonymous_4)
FNDA:228881,(anonymous_5)
FNDA:1,(anonymous_6)
FNDA:9,(anonymous_7)
FNDA:9,(anonymous_8)
FNDA:9,(anonymous_9)
FNDA:27,(anonymous_10)
FNDA:9,(anonymous_11)
FNDA:0,(anonymous_12)
FNDA:9,(anonymous_13)
FNDA:8,(anonymous_14)
FNDA:9,(anonymous_15)
FNDA:9,(anonymous_16)
FNDA:45,createNumArray
FNDA:1,(anonymous_18)
DA:1,1
DA:2,1
DA:3,1
DA:4,1
DA:5,1
DA:6,1
DA:7,1
DA:8,1
DA:9,1
DA:10,1
DA:18,1
DA:20,1
DA:22,1
DA:45,2
DA:46,0
DA:48,2
DA:49,2
DA:50,2
DA:51,2
DA:52,2
DA:54,2
DA:62,1
DA:70,0
DA:78,0
DA:88,1
DA:90,1
DA:92,1
DA:93,1
DA:94,41
DA:95,1681
DA:96,1681
DA:99,1
DA:104,228881
DA:105,228881
DA:107,0
DA:113,1
DA:114,1
DA:116,1
DA:118,8
DA:120,8
DA:122,8
DA:123,2
DA:124,2
DA:128,1
DA:133,9
DA:134,9
DA:135,9
DA:136,369
DA:137,369
DA:138,15129
DA:142,9
DA:143,9
DA:144,9
DA:146,9
DA:147,9
DA:149,9
DA:151,9
DA:152,0
DA:155,9
DA:157,9
DA:162,9
DA:163,9
DA:164,9
DA:165,9
DA:166,9
DA:168,9
DA:170,180
DA:171,9
DA:174,180
DA:175,180
DA:177,7380
DA:179,14760
DA:181,12447
DA:183,12447
DA:184,12384
DA:187,12447
DA:189,12447
DA:190,5559
DA:193,12447
DA:194,12447
DA:196,12447
DA:197,1548
DA:198,1548
DA:203,7380
DA:205,7380
DA:206,180
DA:207,180
DA:208,180
DA:216,9
DA:218,9
DA:220,18
DA:222,36
DA:223,36
DA:225,36
DA:226,27
DA:229,9
DA:231,45
DA:233,225
DA:235,153
DA:237,72
DA:247,27
DA:248,243
DA:249,2187
DA:251,459
DA:254,1728
DA:257,891
DA:259,837
DA:267,9
DA:268,225
DA:269,0
DA:271,225
DA:273,9
DA:274,225
DA:275,0
DA:277,225
DA:283,0
DA:285,0
DA:286,0
DA:290,0
DA:291,0
DA:298,9
DA:299,9
DA:302,9
DA:304,135
DA:306,135
DA:307,54
DA:308,81
DA:309,18
DA:311,63
DA:316,9
DA:318,135
DA:320,135
DA:321,72
DA:322,63
DA:323,9
DA:325,54
DA:330,9
DA:335,8
DA:337,8
DA:341,8
DA:343,328
DA:345,13448
DA:346,13448
DA:348,13448
DA:350,40344
DA:351,656
DA:354,39688
DA:356,119064
DA:357,1936
DA:360,117128
DA:361,13448
DA:364,103680
DA:365,51172
DA:370,13448
DA:371,1724
DA:378,8
DA:379,320
DA:380,12800
DA:381,12800
DA:382,12800
DA:383,12800
DA:384,12800
DA:385,12800
DA:386,1498
DA:393,8
DA:394,328
DA:395,11480
DA:402,280
DA:407,8
DA:408,328
DA:409,11480
DA:416,124
DA:423,8
DA:425,8
DA:426,328
DA:427,13448
DA:428,6549
DA:433,8
DA:434,8
DA:436,8
DA:441,9
DA:443,9
DA:445,9
DA:446,9
DA:447,9
DA:448,9
DA:449,9
DA:453,9
DA:454,9
DA:455,18
DA:458,9
DA:459,0
DA:463,9
DA:464,9
DA:468,9
DA:469,0
DA:473,9
DA:474,9
DA:475,549
DA:476,9
DA:478,540
DA:480,540
DA:481,0
DA:483,540
DA:487,9
DA:492,9
DA:494,9
DA:495,9
DA:497,9
DA:498,9
DA:500,9
DA:501,18
DA:502,18
DA:506,45
DA:507,45
DA:508,3096
DA:510,45
DA:515,9
DA:517,18
DA:518,18
DA:520,18
DA:521,18
DA:523,18
DA:524,18
DA:525,1224
DA:527,18
DA:529,18
DA:530,18
DA:532,18
DA:533,18
DA:534,18
DA:535,324
DA:536,324
DA:540,9
DA:541,9
DA:542,18
DA:545,9
DA:546,9
DA:548,9
DA:549,612
DA:550,1224
DA:551,1224
DA:552,1224
DA:557,9
DA:558,162
DA:559,324
DA:560,324
DA:561,324
DA:565,9
DA:570,1
DA:571,0
DA:572,0
DA:573,0
DA:575,0
DA:576,0
DA:577,0
DA:578,0
DA:579,0
DA:582,0
DA:583,0
DA:584,0
DA:587,0
DA:588,0
DA:589,0
DA:590,0
DA:591,0
LF:266
LH:235
BRDA:44,0,0,2
BRDA:44,1,0,2
BRDA:45,2,0,0
BRDA:45,2,1,2
BRDA:45,3,0,2
BRDA:45,3,1,2
BRDA:45,3,2,2
BRDA:95,4,0,1681
BRDA:95,4,1,41
BRDA:104,5,0,228881
BRDA:104,5,1,0
BRDA:122,6,0,2
BRDA:122,6,1,6
BRDA:122,7,0,8
BRDA:122,7,1,7
BRDA:151,8,0,0
BRDA:151,8,1,9
BRDA:170,9,0,9
BRDA:170,9,1,171
BRDA:179,10,0,12447
BRDA:179,10,1,2313
BRDA:183,11,0,12384
BRDA:183,11,1,63
BRDA:189,12,0,5559
BRDA:189,12,1,6888
BRDA:196,13,0,1548
BRDA:196,13,1,10899
BRDA:205,14,0,180
BRDA:205,14,1,7200
BRDA:205,15,0,7380
BRDA:205,15,1,7290
BRDA:225,16,0,27
BRDA:225,16,1,9
BRDA:233,17,0,153
BRDA:233,17,1,72
BRDA:233,18,0,225
BRDA:233,18,1,180
BRDA:233,18,2,135
BRDA:233,18,3,108
BRDA:233,18,4,81
BRDA:233,18,5,27
BRDA:249,19,0,459
BRDA:249,19,1,1728
BRDA:249,20,0,2187
BRDA:249,20,1,2025
BRDA:249,20,2,1944
BRDA:249,20,3,1800
BRDA:254,21,0,891
BRDA:254,21,1,837
BRDA:254,22,0,1728
BRDA:254,22,1,1656
BRDA:254,22,2,1512
BRDA:254,22,3,1323
BRDA:254,22,4,1350
BRDA:254,22,5,1278
BRDA:254,22,6,1134
BRDA:254,22,7,999
BRDA:254,22,8,1080
BRDA:254,22,9,819
BRDA:254,22,10,486
BRDA:254,22,11,378
BRDA:268,23,0,0
BRDA:268,23,1,225
BRDA:274,24,0,0
BRDA:274,24,1,225
BRDA:287,25,0,0
BRDA:287,25,1,0
BRDA:292,26,0,0
BRDA:292,26,1,0
BRDA:304,27,0,135
BRDA:304,27,1,15
BRDA:306,28,0,54
BRDA:306,28,1,81
BRDA:308,29,0,18
BRDA:308,29,1,63
BRDA:318,30,0,135
BRDA:318,30,1,15
BRDA:320,31,0,72
BRDA:320,31,1,63
BRDA:322,32,0,9
BRDA:322,32,1,54
BRDA:350,33,0,656
BRDA:350,33,1,39688
BRDA:350,34,0,40344
BRDA:350,34,1,40016
BRDA:356,35,0,1936
BRDA:356,35,1,117128
BRDA:356,36,0,119064
BRDA:356,36,1,118096
BRDA:360,37,0,13448
BRDA:360,37,1,103680
BRDA:360,38,0,117128
BRDA:360,38,1,39688
BRDA:364,39,0,51172
BRDA:364,39,1,52508
BRDA:370,40,0,1724
BRDA:370,40,1,11724
BRDA:381,41,0,6189
BRDA:381,41,1,6611
BRDA:382,42,0,6170
BRDA:382,42,1,6630
BRDA:383,43,0,6156
BRDA:383,43,1,6644
BRDA:384,44,0,6131
BRDA:384,44,1,6669
BRDA:385,45,0,1498
BRDA:385,45,1,11302
BRDA:385,46,0,12800
BRDA:385,46,1,11912
BRDA:395,47,0,280
BRDA:395,47,1,11200
BRDA:395,48,0,11480
BRDA:395,48,1,5572
BRDA:395,48,2,2926
BRDA:395,48,3,1509
BRDA:395,48,4,707
BRDA:395,48,5,445
BRDA:395,48,6,323
BRDA:409,49,0,124
BRDA:409,49,1,11356
BRDA:409,50,0,11480
BRDA:409,50,1,5530
BRDA:409,50,2,2866
BRDA:409,50,3,1517
BRDA:409,50,4,599
BRDA:409,50,5,279
BRDA:409,50,6,191
BRDA:427,51,0,6549
BRDA:427,51,1,6899
BRDA:458,52,0,0
BRDA:458,52,1,9
BRDA:463,53,0,9
BRDA:463,53,1,0
BRDA:475,54,0,9
BRDA:475,54,1,540
BRDA:480,55,0,0
BRDA:480,55,1,540
BRDA:536,56,0,324
BRDA:536,56,1,0
BRDA:550,57,0,1224
BRDA:550,57,1,0
BRDA:559,58,0,324
BRDA:559,58,1,0
BRDA:570,59,0,0
BRDA:570,59,1,1
BRDA:587,60,0,0
BRDA:587,60,1,0
BRDA:590,61,0,0
BRDA:590,61,1,0
BRF:149
BRH:129
end_of_record
TN:
SF:D:\Workarea\iota.eco\tangle-frost\iota-qr-core\src\data\qrAlphaNumeric.ts
FN:14,(anonymous_0)
FN:22,(anonymous_1)
FN:30,(anonymous_2)
FN:48,(anonymous_3)
FNF:4
FNH:0
FNDA:0,(anonymous_0)
FNDA:0,(anonymous_1)
FNDA:0,(anonymous_2)
FNDA:0,(anonymous_3)
DA:2,1
DA:3,1
DA:9,1
DA:15,0
DA:23,0
DA:31,0
DA:32,0
DA:34,0
DA:35,0
DA:39,0
DA:42,0
DA:43,0
DA:50,0
DA:51,0
DA:52,0
DA:53,0
DA:55,0
DA:56,0
DA:57,0
DA:58,0
DA:59,0
DA:60,0
DA:61,0
DA:62,0
DA:63,0
DA:64,0
DA:66,0
LF:27
LH:3
BRDA:42,0,0,0
BRDA:42,0,1,0
BRDA:50,1,0,0
BRDA:50,1,1,0
BRDA:50,2,0,0
BRDA:50,2,1,0
BRDA:52,3,0,0
BRDA:52,3,1,0
BRDA:52,4,0,0
BRDA:52,4,1,0
BRDA:56,5,0,0
BRDA:56,5,1,0
BRDA:56,5,2,0
BRDA:56,5,3,0
BRDA:56,5,4,0
BRDA:56,5,5,0
BRDA:56,5,6,0
BRDA:56,5,7,0
BRDA:56,5,8,0
BRDA:56,5,9,0
BRF:20
BRH:0
end_of_record
TN:
SF:D:\Workarea\iota.eco\tangle-frost\iota-qr-core\src\data\qrByte8.ts
FN:14,(anonymous_0)
FN:22,(anonymous_1)
FN:30,(anonymous_2)
FN:38,(anonymous_3)
FNF:4
FNH:4
FNDA:1,(anonymous_0)
FNDA:9,(anonymous_1)
FNDA:9,(anonymous_2)
FNDA:18,(anonymous_3)
DA:2,1
DA:3,1
DA:9,1
DA:15,1
DA:23,9
DA:31,9
DA:32,9
DA:33,126
DA:39,18
DA:40,18
DA:41,252
DA:42,252
DA:43,252
DA:44,0
DA:45,0
DA:47,0
DA:48,0
DA:52,0
DA:56,0
DA:58,0
DA:64,18
LF:21
LH:14
BRDA:42,0,0,252
BRDA:42,0,1,0
BRDA:44,1,0,0
BRDA:44,1,1,0
BRDA:47,2,0,0
BRDA:47,2,1,0
BRDA:47,3,0,0
BRDA:47,3,1,0
BRF:8
BRH:1
end_of_record
TN:
SF:D:\Workarea\iota.eco\tangle-frost\iota-qr-core\src\data\qrNumber.ts
FN:14,(anonymous_0)
FN:22,(anonymous_1)
FN:30,(anonymous_2)
FN:50,(anonymous_3)
FN:59,(anonymous_4)
FNF:5
FNH:0
FNDA:0,(anonymous_0)
FNDA:0,(anonymous_1)
FNDA:0,(anonymous_2)
FNDA:0,(anonymous_3)
FNDA:0,(anonymous_4)
DA:2,1
DA:3,1
DA:9,1
DA:15,0
DA:23,0
DA:31,0
DA:33,0
DA:35,0
DA:36,0
DA:37,0
DA:40,0
DA:41,0
DA:42,0
DA:43,0
DA:44,0
DA:51,0
DA:52,0
DA:53,0
DA:55,0
DA:60,0
DA:61,0
DA:63,0
LF:22
LH:3
BRDA:40,0,0,0
BRDA:40,0,1,0
BRDA:41,1,0,0
BRDA:41,1,1,0
BRDA:43,2,0,0
BRDA:43,2,1,0
BRDA:60,3,0,0
BRDA:60,3,1,0
BRDA:60,4,0,0
BRDA:60,4,1,0
BRF:10
BRH:0
end_of_record
TN:
SF:D:\Workarea\iota.eco\tangle-frost\iota-qr-core\src\helpers\bitBuffer.ts
FN:9,(anonymous_0)
FN:14,(anonymous_1)
FN:18,(anonymous_2)
FN:22,(anonymous_3)
FN:28,(anonymous_4)
FN:38,(anonymous_5)
FN:46,(anonymous_6)
FNF:7
FNH:5
FNDA:9,(anonymous_0)
FNDA:1224,(anonymous_1)
FNDA:1116,(anonymous_2)
FNDA:1233,(anonymous_3)
FNDA:9792,(anonymous_4)
FNDA:0,(anonymous_5)
FNDA:0,(anonymous_6)
DA:5,1
DA:10,9
DA:11,9
DA:15,1224
DA:19,1116
DA:23,1233
DA:24,9792
DA:29,9792
DA:30,1224
DA:32,9792
DA:33,4239
DA:35,9792
DA:39,0
DA:40,0
DA:41,0
DA:43,0
DA:47,0
LF:17
LH:12
BRDA:29,0,0,1224
BRDA:29,0,1,8568
BRDA:32,1,0,4239
BRDA:32,1,1,5553
BRDA:41,2,0,0
BRDA:41,2,1,0
BRF:6
BRH:4
end_of_record
TN:
SF:D:\Workarea\iota.eco\tangle-frost\iota-qr-core\src\helpers\mathHelper.ts
FN:14,(anonymous_0)
FN:37,(anonymous_1)
FN:49,(anonymous_2)
FNF:3
FNH:3
FNDA:2,(anonymous_0)
FNDA:38016,(anonymous_1)
FNDA:29736,(anonymous_2)
DA:5,1
DA:15,2
DA:16,1
DA:17,1
DA:18,1
DA:19,256
DA:24,256
DA:26,1
DA:27,255
DA:38,38016
DA:39,0
DA:41,38016
DA:50,29736
DA:51,29736
DA:52,0
DA:54,29736
DA:55,13383
DA:57,29736
LF:18
LH:16
BRDA:15,0,0,1
BRDA:15,0,1,1
BRDA:19,1,0,8
BRDA:19,1,1,248
BRDA:38,2,0,0
BRDA:38,2,1,38016
BRF:6
BRH:5
end_of_record
TN:
SF:D:\Workarea\iota.eco\tangle-frost\iota-qr-core\src\helpers\polynomial.ts
FN:16,(anonymous_0)
FN:38,(anonymous_1)
FN:46,(anonymous_2)
FN:54,(anonymous_3)
FN:69,(anonymous_4)
FN:85,(anonymous_5)
FN:105,(anonymous_6)
FNF:7
FNH:5
FNDA:1908,(anonymous_0)
FNDA:102600,(anonymous_1)
FNDA:106092,(anonymous_2)
FNDA:0,(anonymous_3)
FNDA:0,(anonymous_4)
FNDA:324,(anonymous_5)
FNDA:1242,(anonymous_6)
DA:1,1
DA:7,1
DA:17,1908
DA:19,1908
DA:20,1224
DA:23,1908
DA:24,1908
DA:25,1908
DA:26,68328
DA:28,1908
DA:29,324
DA:39,102600
DA:47,106092
DA:55,0
DA:56,0
DA:57,0
DA:58,0
DA:60,0
DA:62,0
DA:70,0
DA:71,0
DA:72,0
DA:73,0
DA:75,0
DA:77,0
DA:86,324
DA:87,324
DA:88,324
DA:89,3402
DA:91,324
DA:92,3078
DA:93,6156
DA:97,324
DA:106,1242
DA:107,18
DA:110,1224
DA:113,1224
DA:114,1224
DA:115,64260
DA:119,1224
DA:120,23256
DA:124,1224
LF:42
LH:30
BRDA:16,0,0,1890
BRDA:19,1,0,3132
BRDA:19,1,1,3132
BRDA:57,2,0,0
BRDA:57,2,1,0
BRDA:72,3,0,0
BRDA:72,3,1,0
BRDA:106,4,0,18
BRDA:106,4,1,1224
BRF:9
BRH:5
end_of_record
TN:
SF:D:\Workarea\iota.eco\tangle-frost\iota-qr-core\src\helpers\qrHelper.ts
FN:87,(anonymous_0)
FN:98,(anonymous_1)
FN:128,(anonymous_2)
FN:143,(anonymous_3)
FN:146,(anonymous_4)
FN:148,(anonymous_5)
FN:150,(anonymous_6)
FN:152,(anonymous_7)
FN:154,(anonymous_8)
FN:156,(anonymous_9)
FN:158,(anonymous_10)
FN:160,(anonymous_11)
FN:172,(anonymous_12)
FN:186,(anonymous_13)
FN:196,(anonymous_14)
FNF:15
FNH:13
FNDA:9,(anonymous_0)
FNDA:0,(anonymous_1)
FNDA:18,(anonymous_2)
FNDA:9,(anonymous_3)
FNDA:1383,(anonymous_4)
FNDA:1383,(anonymous_5)
FNDA:2766,(anonymous_6)
FNDA:1383,(anonymous_7)
FNDA:1383,(anonymous_8)
FNDA:1383,(anonymous_9)
FNDA:1383,(anonymous_10)
FNDA:1383,(anonymous_11)
FNDA:9,(anonymous_12)
FNDA:0,(anonymous_13)
FNDA:102,(anonymous_14)
DA:1,1
DA:2,1
DA:3,1
DA:4,1
DA:5,1
DA:11,1
DA:13,1
DA:57,1
DA:71,1
DA:75,1
DA:79,1
DA:88,9
DA:99,0
DA:100,0
DA:101,0
DA:103,0
DA:104,0
DA:105,0
DA:106,0
DA:107,0
DA:109,0
DA:112,0
DA:113,0
DA:114,0
DA:115,0
DA:117,0
DA:120,0
DA:129,18
DA:131,18
DA:132,324
DA:135,18
DA:144,9
DA:146,1383
DA:148,1383
DA:150,2766
DA:152,1383
DA:154,1383
DA:156,1383
DA:158,1383
DA:160,1383
DA:163,0
DA:173,9
DA:174,9
DA:175,21
DA:178,9
DA:187,0
DA:188,0
DA:189,0
DA:192,0
DA:197,102
DA:198,102
DA:199,102
DA:200,1183
DA:201,1183
DA:203,102
LF:55
LH:35
BRDA:104,0,0,0
BRDA:104,0,1,0
BRDA:104,0,2,0
BRDA:104,0,3,0
BRDA:104,0,4,0
BRDA:113,1,0,0
BRDA:113,1,1,0
BRDA:113,1,2,0
BRDA:113,1,3,0
BRDA:145,2,0,1
BRDA:145,2,1,1
BRDA:145,2,2,2
BRDA:145,2,3,1
BRDA:145,2,4,1
BRDA:145,2,5,1
BRDA:145,2,6,1
BRDA:145,2,7,1
BRDA:145,2,8,0
BRF:18
BRH:8
end_of_record
TN:
SF:D:\Workarea\iota.eco\tangle-frost\iota-qr-core\src\helpers\rsBlock.ts
FN:264,(anonymous_0)
FN:275,(anonymous_1)
FN:296,(anonymous_2)
FN:316,(anonymous_3)
FN:324,(anonymous_4)
FNF:5
FNH:5
FNDA:18,(anonymous_0)
FNDA:9,(anonymous_1)
FNDA:9,(anonymous_2)
FNDA:36,(anonymous_3)
FNDA:36,(anonymous_4)
DA:1,1
DA:7,1
DA:9,1
DA:265,18
DA:266,18
DA:276,9
DA:277,9
DA:279,9
DA:281,9
DA:283,9
DA:284,9
DA:285,9
DA:287,9
DA:288,18
DA:292,9
DA:297,9
DA:299,9
DA:301,0
DA:303,0
DA:305,0
DA:309,0
DA:317,36
DA:325,36
LF:23
LH:19
BRDA:298,0,0,9
BRDA:298,0,1,0
BRDA:298,0,2,0
BRDA:298,0,3,0
BRDA:298,0,4,0
BRF:5
BRH:1
end_of_record
TN:
SF:D:\Workarea\iota.eco\tangle-frost\iota-qr-core\src\models\errorCorrectLevel.ts
FN:5,(anonymous_0)
FNF:1
FNH:1
FNDA:1,(anonymous_0)
DA:5,1
DA:9,1
DA:14,1
DA:19,1
DA:24,1
LF:5
LH:5
BRDA:5,0,0,1
BRDA:5,0,1,1
BRF:2
BRH:2
end_of_record
TN:
SF:D:\Workarea\iota.eco\tangle-frost\iota-qr-core\src\models\maskPattern.ts
FN:5,(anonymous_0)
FNF:1
FNH:1
FNDA:1,(anonymous_0)
DA:5,1
DA:9,1
DA:14,1
DA:19,1
DA:24,1
DA:29,1
DA:34,1
DA:39,1
DA:44,1
LF:9
LH:9
BRDA:5,0,0,1
BRDA:5,0,1,1
BRF:2
BRH:2
end_of_record
TN:
SF:D:\Workarea\iota.eco\tangle-frost\iota-qr-core\src\models\qrCellData.ts
FNF:0
FNH:0
LF:0
LH:0
BRF:0
BRH:0
end_of_record
TN:
SF:D:\Workarea\iota.eco\tangle-frost\iota-qr-core\src\models\qrDataBase.ts
FN:19,(anonymous_0)
FN:28,(anonymous_1)
FN:36,(anonymous_2)
FN:57,(anonymous_3)
FNF:4
FNH:4
FNDA:1,(anonymous_0)
FNDA:9,(anonymous_1)
FNDA:18,(anonymous_2)
FNDA:9,(anonymous_3)
DA:2,1
DA:8,1
DA:20,1
DA:21,1
DA:29,9
DA:37,18
DA:58,9
DA:59,9
DA:60,0
DA:61,0
DA:62,9
DA:64,0
DA:66,0
DA:67,0
DA:68,0
DA:69,0
DA:70,0
DA:72,0
DA:74,0
DA:75,0
DA:76,0
DA:77,0
DA:78,0
DA:80,0
DA:83,0
LF:25
LH:9
BRDA:58,0,0,9
BRDA:58,0,1,0
BRDA:58,1,0,9
BRDA:58,1,1,9
BRDA:60,2,0,0
BRDA:60,2,1,0
BRDA:60,2,2,9
BRDA:60,2,3,0
BRDA:66,3,0,0
BRDA:66,3,1,0
BRDA:68,4,0,0
BRDA:68,4,1,0
BRDA:68,4,2,0
BRDA:68,4,3,0
BRDA:74,5,0,0
BRDA:74,5,1,0
BRDA:76,6,0,0
BRDA:76,6,1,0
BRDA:76,6,2,0
BRDA:76,6,3,0
BRF:20
BRH:4
end_of_record
TN:
SF:D:\Workarea\iota.eco\tangle-frost\iota-qr-core\src\models\qrDataMode.ts
FN:5,(anonymous_0)
FNF:1
FNH:1
FNDA:1,(anonymous_0)
DA:5,1
DA:9,1
DA:14,1
DA:19,1
LF:4
LH:4
BRDA:5,0,0,1
BRDA:5,0,1,1
BRF:2
BRH:2
end_of_record
