TN:
SF:D:\Workarea\tangle-frost\iota-qr-core\src\index.ts
FNF:0
FNH:0
LF:0
LH:0
BRF:0
BRH:0
end_of_record
TN:
SF:D:\Workarea\tangle-frost\iota-qr-core\src\qr.ts
FN:41,(anonymous_0)
FN:55,(anonymous_1)
FN:71,(anonymous_2)
FN:85,(anonymous_3)
FN:94,(anonymous_4)
FN:114,(anonymous_5)
FN:143,(anonymous_6)
FN:197,(anonymous_7)
FN:228,(anonymous_8)
FN:248,(anonymous_9)
FN:264,(anonymous_10)
FN:279,(anonymous_11)
FN:316,(anonymous_12)
FN:422,(anonymous_13)
FN:473,(anonymous_14)
FN:487,createNumArray
FNF:16
FNH:15
FNDA:2,(anonymous_0)
FNDA:1,(anonymous_1)
FNDA:1,(anonymous_2)
FNDA:228803,(anonymous_3)
FNDA:1,(anonymous_4)
FNDA:9,(anonymous_5)
FNDA:9,(anonymous_6)
FNDA:9,(anonymous_7)
FNDA:27,(anonymous_8)
FNDA:9,(anonymous_9)
FNDA:0,(anonymous_10)
FNDA:9,(anonymous_11)
FNDA:8,(anonymous_12)
FNDA:9,(anonymous_13)
FNDA:9,(anonymous_14)
FNDA:45,createNumArray
DA:1,1
DA:2,1
DA:3,1
DA:4,1
DA:5,1
DA:6,1
DA:7,1
DA:9,1
DA:15,1
DA:17,1
DA:19,1
DA:42,2
DA:43,2
DA:44,2
DA:45,2
DA:46,2
DA:48,2
DA:56,1
DA:57,0
DA:58,1
DA:59,1
DA:61,0
DA:72,1
DA:74,1
DA:75,1
DA:76,41
DA:77,1681
DA:78,1681
DA:81,1
DA:86,228803
DA:87,228803
DA:89,0
DA:95,1
DA:96,1
DA:98,1
DA:100,8
DA:102,8
DA:104,8
DA:105,2
DA:106,2
DA:110,1
DA:115,9
DA:116,9
DA:117,9
DA:118,369
DA:119,369
DA:120,15129
DA:124,9
DA:125,9
DA:126,9
DA:128,9
DA:129,9
DA:131,9
DA:133,9
DA:134,0
DA:137,9
DA:139,9
DA:144,9
DA:145,9
DA:146,9
DA:147,9
DA:148,9
DA:150,9
DA:152,180
DA:153,9
DA:156,180
DA:157,180
DA:159,7380
DA:161,14760
DA:163,12447
DA:165,12447
DA:166,12384
DA:169,12447
DA:171,12447
DA:172,5559
DA:175,12447
DA:176,12447
DA:178,12447
DA:179,1548
DA:180,1548
DA:185,7380
DA:187,7380
DA:188,180
DA:189,180
DA:190,180
DA:198,9
DA:200,9
DA:202,18
DA:204,36
DA:205,36
DA:207,36
DA:208,27
DA:211,9
DA:213,45
DA:215,225
DA:217,153
DA:219,72
DA:229,27
DA:230,243
DA:231,2187
DA:233,459
DA:236,1728
DA:239,891
DA:241,837
DA:249,9
DA:250,225
DA:251,0
DA:253,225
DA:255,9
DA:256,225
DA:257,0
DA:259,225
DA:265,0
DA:267,0
DA:268,0
DA:272,0
DA:273,0
DA:280,9
DA:281,9
DA:284,9
DA:286,135
DA:288,135
DA:289,54
DA:290,81
DA:291,18
DA:293,63
DA:298,9
DA:300,135
DA:302,135
DA:303,72
DA:304,63
DA:305,9
DA:307,54
DA:312,9
DA:317,8
DA:319,8
DA:323,8
DA:325,328
DA:327,13448
DA:328,13448
DA:330,13448
DA:332,40344
DA:333,656
DA:336,39688
DA:338,119064
DA:339,1936
DA:342,117128
DA:343,13448
DA:346,103680
DA:347,51060
DA:352,13448
DA:353,1728
DA:360,8
DA:361,320
DA:362,12800
DA:363,12800
DA:364,12800
DA:365,12800
DA:366,12800
DA:367,12800
DA:368,1475
DA:375,8
DA:376,328
DA:377,11480
DA:384,261
DA:389,8
DA:390,328
DA:391,11480
DA:398,131
DA:405,8
DA:407,8
DA:408,328
DA:409,13448
DA:410,6539
DA:415,8
DA:416,8
DA:418,8
DA:423,9
DA:425,9
DA:427,9
DA:428,9
DA:429,9
DA:430,9
DA:431,9
DA:435,9
DA:436,9
DA:437,18
DA:440,9
DA:441,0
DA:445,9
DA:446,9
DA:450,9
DA:451,0
DA:455,9
DA:456,9
DA:457,522
DA:458,9
DA:460,513
DA:462,513
DA:463,0
DA:465,513
DA:469,9
DA:474,9
DA:476,9
DA:477,9
DA:479,9
DA:480,9
DA:482,9
DA:483,18
DA:484,18
DA:488,45
DA:489,45
DA:490,3096
DA:492,45
DA:497,9
DA:499,18
DA:500,18
DA:502,18
DA:503,18
DA:505,18
DA:506,18
DA:507,1224
DA:509,18
DA:511,18
DA:512,18
DA:514,18
DA:515,18
DA:516,18
DA:517,324
DA:518,324
DA:522,9
DA:523,9
DA:524,18
DA:527,9
DA:528,9
DA:530,9
DA:531,612
DA:532,1224
DA:533,1224
DA:534,1224
DA:539,9
DA:540,162
DA:541,324
DA:542,324
DA:543,324
DA:547,9
LF:246
LH:232
BRDA:41,0,0,2
BRDA:41,1,0,2
BRDA:56,2,0,0
BRDA:56,2,1,1
BRDA:58,3,0,1
BRDA:58,3,1,0
BRDA:77,4,0,1681
BRDA:77,4,1,41
BRDA:86,5,0,228803
BRDA:86,5,1,0
BRDA:104,6,0,2
BRDA:104,6,1,6
BRDA:104,7,0,8
BRDA:104,7,1,7
BRDA:133,8,0,0
BRDA:133,8,1,9
BRDA:152,9,0,9
BRDA:152,9,1,171
BRDA:161,10,0,12447
BRDA:161,10,1,2313
BRDA:165,11,0,12384
BRDA:165,11,1,63
BRDA:171,12,0,5559
BRDA:171,12,1,6888
BRDA:178,13,0,1548
BRDA:178,13,1,10899
BRDA:187,14,0,180
BRDA:187,14,1,7200
BRDA:187,15,0,7380
BRDA:187,15,1,7290
BRDA:207,16,0,27
BRDA:207,16,1,9
BRDA:215,17,0,153
BRDA:215,17,1,72
BRDA:215,18,0,225
BRDA:215,18,1,180
BRDA:215,18,2,135
BRDA:215,18,3,108
BRDA:215,18,4,81
BRDA:215,18,5,27
BRDA:231,19,0,459
BRDA:231,19,1,1728
BRDA:231,20,0,2187
BRDA:231,20,1,2025
BRDA:231,20,2,1944
BRDA:231,20,3,1800
BRDA:236,21,0,891
BRDA:236,21,1,837
BRDA:236,22,0,1728
BRDA:236,22,1,1656
BRDA:236,22,2,1512
BRDA:236,22,3,1323
BRDA:236,22,4,1350
BRDA:236,22,5,1278
BRDA:236,22,6,1134
BRDA:236,22,7,999
BRDA:236,22,8,1080
BRDA:236,22,9,819
BRDA:236,22,10,486
BRDA:236,22,11,378
BRDA:250,23,0,0
BRDA:250,23,1,225
BRDA:256,24,0,0
BRDA:256,24,1,225
BRDA:269,25,0,0
BRDA:269,25,1,0
BRDA:274,26,0,0
BRDA:274,26,1,0
BRDA:286,27,0,135
BRDA:286,27,1,15
BRDA:288,28,0,54
BRDA:288,28,1,81
BRDA:290,29,0,18
BRDA:290,29,1,63
BRDA:300,30,0,135
BRDA:300,30,1,15
BRDA:302,31,0,72
BRDA:302,31,1,63
BRDA:304,32,0,9
BRDA:304,32,1,54
BRDA:332,33,0,656
BRDA:332,33,1,39688
BRDA:332,34,0,40344
BRDA:332,34,1,40016
BRDA:338,35,0,1936
BRDA:338,35,1,117128
BRDA:338,36,0,119064
BRDA:338,36,1,118096
BRDA:342,37,0,13448
BRDA:342,37,1,103680
BRDA:342,38,0,117128
BRDA:342,38,1,39688
BRDA:346,39,0,51060
BRDA:346,39,1,52620
BRDA:352,40,0,1728
BRDA:352,40,1,11720
BRDA:363,41,0,6187
BRDA:363,41,1,6613
BRDA:364,42,0,6180
BRDA:364,42,1,6620
BRDA:365,43,0,6162
BRDA:365,43,1,6638
BRDA:366,44,0,6149
BRDA:366,44,1,6651
BRDA:367,45,0,1475
BRDA:367,45,1,11325
BRDA:367,46,0,12800
BRDA:367,46,1,11936
BRDA:377,47,0,261
BRDA:377,47,1,11219
BRDA:377,48,0,11480
BRDA:377,48,1,5570
BRDA:377,48,2,2917
BRDA:377,48,3,1490
BRDA:377,48,4,670
BRDA:377,48,5,420
BRDA:377,48,6,312
BRDA:391,49,0,131
BRDA:391,49,1,11349
BRDA:391,50,0,11480
BRDA:391,50,1,5510
BRDA:391,50,2,2870
BRDA:391,50,3,1541
BRDA:391,50,4,600
BRDA:391,50,5,291
BRDA:391,50,6,195
BRDA:409,51,0,6539
BRDA:409,51,1,6909
BRDA:440,52,0,0
BRDA:440,52,1,9
BRDA:445,53,0,9
BRDA:445,53,1,0
BRDA:457,54,0,9
BRDA:457,54,1,513
BRDA:462,55,0,0
BRDA:462,55,1,513
BRDA:518,56,0,324
BRDA:518,56,1,0
BRDA:532,57,0,1224
BRDA:532,57,1,0
BRDA:541,58,0,324
BRDA:541,58,1,0
BRF:142
BRH:126
end_of_record
TN:
SF:D:\Workarea\tangle-frost\iota-qr-core\src\data\qrByte8.ts
FN:14,(anonymous_0)
FN:22,(anonymous_1)
FN:30,(anonymous_2)
FN:38,(anonymous_3)
FNF:4
FNH:4
FNDA:1,(anonymous_0)
FNDA:9,(anonymous_1)
FNDA:9,(anonymous_2)
FNDA:18,(anonymous_3)
DA:2,1
DA:3,1
DA:9,1
DA:15,1
DA:23,9
DA:31,9
DA:32,9
DA:33,180
DA:39,18
DA:40,18
DA:41,360
DA:42,360
DA:43,360
DA:44,0
DA:45,0
DA:47,0
DA:48,0
DA:52,0
DA:56,0
DA:58,0
DA:64,18
LF:21
LH:14
BRDA:42,0,0,360
BRDA:42,0,1,0
BRDA:44,1,0,0
BRDA:44,1,1,0
BRDA:47,2,0,0
BRDA:47,2,1,0
BRDA:47,3,0,0
BRDA:47,3,1,0
BRF:8
BRH:1
end_of_record
TN:
SF:D:\Workarea\tangle-frost\iota-qr-core\src\helpers\bitBuffer.ts
FN:9,(anonymous_0)
FN:14,(anonymous_1)
FN:18,(anonymous_2)
FN:22,(anonymous_3)
FN:28,(anonymous_4)
FN:38,(anonymous_5)
FN:46,(anonymous_6)
FNF:7
FNH:5
FNDA:9,(anonymous_0)
FNDA:1224,(anonymous_1)
FNDA:1062,(anonymous_2)
FNDA:1233,(anonymous_3)
FNDA:9792,(anonymous_4)
FNDA:0,(anonymous_5)
FNDA:0,(anonymous_6)
DA:5,1
DA:10,9
DA:11,9
DA:15,1224
DA:19,1062
DA:23,1233
DA:24,9792
DA:29,9792
DA:30,1224
DA:32,9792
DA:33,4437
DA:35,9792
DA:39,0
DA:40,0
DA:41,0
DA:43,0
DA:47,0
LF:17
LH:12
BRDA:29,0,0,1224
BRDA:29,0,1,8568
BRDA:32,1,0,4437
BRDA:32,1,1,5355
BRDA:41,2,0,0
BRDA:41,2,1,0
BRF:6
BRH:4
end_of_record
TN:
SF:D:\Workarea\tangle-frost\iota-qr-core\src\helpers\mathHelper.ts
FN:14,(anonymous_0)
FN:37,(anonymous_1)
FN:49,(anonymous_2)
FNF:3
FNH:3
FNDA:2,(anonymous_0)
FNDA:38016,(anonymous_1)
FNDA:29736,(anonymous_2)
DA:5,1
DA:15,2
DA:16,1
DA:17,1
DA:18,1
DA:19,256
DA:24,256
DA:26,1
DA:27,255
DA:38,38016
DA:39,0
DA:41,38016
DA:50,29736
DA:51,29736
DA:52,0
DA:54,29736
DA:55,12717
DA:57,29736
LF:18
LH:16
BRDA:15,0,0,1
BRDA:15,0,1,1
BRDA:19,1,0,8
BRDA:19,1,1,248
BRDA:38,2,0,0
BRDA:38,2,1,38016
BRF:6
BRH:5
end_of_record
TN:
SF:D:\Workarea\tangle-frost\iota-qr-core\src\helpers\polynomial.ts
FN:16,(anonymous_0)
FN:38,(anonymous_1)
FN:46,(anonymous_2)
FN:54,(anonymous_3)
FN:69,(anonymous_4)
FN:85,(anonymous_5)
FN:105,(anonymous_6)
FNF:7
FNH:5
FNDA:1908,(anonymous_0)
FNDA:102600,(anonymous_1)
FNDA:106092,(anonymous_2)
FNDA:0,(anonymous_3)
FNDA:0,(anonymous_4)
FNDA:324,(anonymous_5)
FNDA:1242,(anonymous_6)
DA:1,1
DA:7,1
DA:17,1908
DA:19,1908
DA:20,1224
DA:23,1908
DA:24,1908
DA:25,1908
DA:26,68328
DA:28,1908
DA:29,324
DA:39,102600
DA:47,106092
DA:55,0
DA:56,0
DA:57,0
DA:58,0
DA:60,0
DA:62,0
DA:70,0
DA:71,0
DA:72,0
DA:73,0
DA:75,0
DA:77,0
DA:86,324
DA:87,324
DA:88,324
DA:89,3402
DA:91,324
DA:92,3078
DA:93,6156
DA:97,324
DA:106,1242
DA:107,18
DA:110,1224
DA:113,1224
DA:114,1224
DA:115,64260
DA:119,1224
DA:120,23256
DA:124,1224
LF:42
LH:30
BRDA:16,0,0,1890
BRDA:19,1,0,3132
BRDA:19,1,1,3132
BRDA:57,2,0,0
BRDA:57,2,1,0
BRDA:72,3,0,0
BRDA:72,3,1,0
BRDA:106,4,0,18
BRDA:106,4,1,1224
BRF:9
BRH:5
end_of_record
TN:
SF:D:\Workarea\tangle-frost\iota-qr-core\src\helpers\qrHelper.ts
FN:87,(anonymous_0)
FN:98,(anonymous_1)
FN:128,(anonymous_2)
FN:143,(anonymous_3)
FN:146,(anonymous_4)
FN:148,(anonymous_5)
FN:150,(anonymous_6)
FN:152,(anonymous_7)
FN:154,(anonymous_8)
FN:156,(anonymous_9)
FN:158,(anonymous_10)
FN:160,(anonymous_11)
FN:172,(anonymous_12)
FN:186,(anonymous_13)
FN:196,(anonymous_14)
FNF:15
FNH:13
FNDA:9,(anonymous_0)
FNDA:0,(anonymous_1)
FNDA:18,(anonymous_2)
FNDA:9,(anonymous_3)
FNDA:1383,(anonymous_4)
FNDA:1383,(anonymous_5)
FNDA:2766,(anonymous_6)
FNDA:1383,(anonymous_7)
FNDA:1383,(anonymous_8)
FNDA:1383,(anonymous_9)
FNDA:1383,(anonymous_10)
FNDA:1383,(anonymous_11)
FNDA:9,(anonymous_12)
FNDA:0,(anonymous_13)
FNDA:102,(anonymous_14)
DA:1,1
DA:2,1
DA:3,1
DA:4,1
DA:5,1
DA:11,1
DA:13,1
DA:57,1
DA:71,1
DA:75,1
DA:79,1
DA:88,9
DA:99,0
DA:100,0
DA:101,0
DA:103,0
DA:104,0
DA:105,0
DA:106,0
DA:107,0
DA:109,0
DA:112,0
DA:113,0
DA:114,0
DA:115,0
DA:117,0
DA:120,0
DA:129,18
DA:131,18
DA:132,324
DA:135,18
DA:144,9
DA:146,1383
DA:148,1383
DA:150,2766
DA:152,1383
DA:154,1383
DA:156,1383
DA:158,1383
DA:160,1383
DA:163,0
DA:173,9
DA:174,9
DA:175,21
DA:178,9
DA:187,0
DA:188,0
DA:189,0
DA:192,0
DA:197,102
DA:198,102
DA:199,102
DA:200,1183
DA:201,1183
DA:203,102
LF:55
LH:35
BRDA:104,0,0,0
BRDA:104,0,1,0
BRDA:104,0,2,0
BRDA:104,0,3,0
BRDA:104,0,4,0
BRDA:113,1,0,0
BRDA:113,1,1,0
BRDA:113,1,2,0
BRDA:113,1,3,0
BRDA:145,2,0,1
BRDA:145,2,1,1
BRDA:145,2,2,2
BRDA:145,2,3,1
BRDA:145,2,4,1
BRDA:145,2,5,1
BRDA:145,2,6,1
BRDA:145,2,7,1
BRDA:145,2,8,0
BRF:18
BRH:8
end_of_record
TN:
SF:D:\Workarea\tangle-frost\iota-qr-core\src\helpers\rsBlock.ts
FN:264,(anonymous_0)
FN:275,(anonymous_1)
FN:296,(anonymous_2)
FN:316,(anonymous_3)
FN:324,(anonymous_4)
FNF:5
FNH:5
FNDA:18,(anonymous_0)
FNDA:9,(anonymous_1)
FNDA:9,(anonymous_2)
FNDA:36,(anonymous_3)
FNDA:36,(anonymous_4)
DA:1,1
DA:7,1
DA:9,1
DA:265,18
DA:266,18
DA:276,9
DA:277,9
DA:279,9
DA:281,9
DA:283,9
DA:284,9
DA:285,9
DA:287,9
DA:288,18
DA:292,9
DA:297,9
DA:299,9
DA:301,0
DA:303,0
DA:305,0
DA:309,0
DA:317,36
DA:325,36
LF:23
LH:19
BRDA:298,0,0,9
BRDA:298,0,1,0
BRDA:298,0,2,0
BRDA:298,0,3,0
BRDA:298,0,4,0
BRF:5
BRH:1
end_of_record
TN:
SF:D:\Workarea\tangle-frost\iota-qr-core\src\models\errorCorrectLevel.ts
FN:5,(anonymous_0)
FNF:1
FNH:1
FNDA:1,(anonymous_0)
DA:5,1
DA:9,1
DA:14,1
DA:19,1
DA:24,1
LF:5
LH:5
BRDA:5,0,0,1
BRDA:5,0,1,1
BRF:2
BRH:2
end_of_record
TN:
SF:D:\Workarea\tangle-frost\iota-qr-core\src\models\maskPattern.ts
FN:5,(anonymous_0)
FNF:1
FNH:1
FNDA:1,(anonymous_0)
DA:5,1
DA:9,1
DA:14,1
DA:19,1
DA:24,1
DA:29,1
DA:34,1
DA:39,1
DA:44,1
LF:9
LH:9
BRDA:5,0,0,1
BRDA:5,0,1,1
BRF:2
BRH:2
end_of_record
TN:
SF:D:\Workarea\tangle-frost\iota-qr-core\src\models\qrCellData.ts
FNF:0
FNH:0
LF:0
LH:0
BRF:0
BRH:0
end_of_record
TN:
SF:D:\Workarea\tangle-frost\iota-qr-core\src\models\qrDataBase.ts
FN:19,(anonymous_0)
FN:28,(anonymous_1)
FN:36,(anonymous_2)
FN:57,(anonymous_3)
FNF:4
FNH:4
FNDA:1,(anonymous_0)
FNDA:9,(anonymous_1)
FNDA:18,(anonymous_2)
FNDA:9,(anonymous_3)
DA:2,1
DA:8,1
DA:20,1
DA:21,1
DA:29,9
DA:37,18
DA:58,9
DA:59,9
DA:60,0
DA:61,0
DA:62,9
DA:64,0
DA:66,0
DA:67,0
DA:68,0
DA:69,0
DA:70,0
DA:72,0
DA:74,0
DA:75,0
DA:76,0
DA:77,0
DA:78,0
DA:80,0
DA:83,0
LF:25
LH:9
BRDA:58,0,0,9
BRDA:58,0,1,0
BRDA:58,1,0,9
BRDA:58,1,1,9
BRDA:60,2,0,0
BRDA:60,2,1,0
BRDA:60,2,2,9
BRDA:60,2,3,0
BRDA:66,3,0,0
BRDA:66,3,1,0
BRDA:68,4,0,0
BRDA:68,4,1,0
BRDA:68,4,2,0
BRDA:68,4,3,0
BRDA:74,5,0,0
BRDA:74,5,1,0
BRDA:76,6,0,0
BRDA:76,6,1,0
BRDA:76,6,2,0
BRDA:76,6,3,0
BRF:20
BRH:4
end_of_record
TN:
SF:D:\Workarea\tangle-frost\iota-qr-core\src\models\qrDataMode.ts
FN:5,(anonymous_0)
FNF:1
FNH:1
FNDA:1,(anonymous_0)
DA:5,1
DA:9,1
DA:14,1
DA:19,1
LF:4
LH:4
BRDA:5,0,0,1
BRDA:5,0,1,1
BRF:2
BRH:2
end_of_record
